<?xml version="1.0" encoding="UTF-8"?>
<coverage generated="1729892901218" clover="3.2.0">
  <project timestamp="1729892901219" name="All files">
    <metrics statements="2" coveredstatements="2" conditionals="0" coveredconditionals="0" methods="1" coveredmethods="1" elements="3" coveredelements="3" complexity="0" loc="2" ncloc="2" packages="1" files="1" classes="1"/>
    <file name="Button.tsx" path="D:\So testes\checkplant-test\checkplant-app\src\components\Button.tsx">
      <metrics statements="2" coveredstatements="2" conditionals="0" coveredconditionals="0" methods="1" coveredmethods="1"/>
      <line num="13" count="2" type="stmt"/>
      <line num="20" count="1" type="stmt"/>
    </file>
  </project>
</coverage>
