{"D:\\So testes\\checkplant-test\\checkplant-app\\src\\components\\Button.tsx": {"path":"D:\\So testes\\checkplant-test\\checkplant-app\\src\\components\\Button.tsx","statementMap":{"0":{"start":{"line":13,"column":2},"end":{"line":17,"column":4}},"1":{"start":{"line":20,"column":15},"end":{"line":33,"column":2}}},"fnMap":{"0":{"name":"PrimaryButton","decl":{"start":{"line":12,"column":16},"end":{"line":12,"column":29}},"loc":{"start":{"line":12,"column":67},"end":{"line":18,"column":1}},"line":12}},"branchMap":{},"s":{"0":2,"1":1},"f":{"0":2},"b":{},"_coverageSchema":"1a1c01bbd47fc00a2c39e90264f33305004495a9","hash":"097f34b9358230ee3dd90ac98dc023ec8fc8038f"}
}
